high-scalable/app.js -- Info -- Hello, world
high-scalable/app.js -- Info -- Hello, world
high-scalable/bin/rt.js -- Log -- Reponse time: 54  { url: '/stylesheets/style.css', time: 54 } 
high-scalable/bin/rt.js -- Log -- Reponse time: 1  { url: '/favicon.ico', time: 1 } 
high-scalable/bin/rt.js -- Log -- Reponse time: 1  { url: '/dfghj', time: 1 } 
high-scalable/app.js -- Info -- Hello, world
high-scalable/bin/www -- Log -- Running server at port 3000!1508944730543
high-scalable/app.js -- Info -- Hello, world
high-scalable/bin/www -- Log -- Running server at port 3000!1508944732763
high-scalable/app.js -- Info -- Hello, world
high-scalable/bin/www -- Log -- Running server at port 3000!1508944746247
high-scalable/app.js -- Info -- Hello, world
high-scalable/bin/www -- Log -- Running server at port 3000!1508944760028
high-scalable/app.js -- Info -- Hello, world
high-scalable/bin/www -- Log -- Running server at port 3000!1508944762375
high-scalable/app.js -- Info -- Hello, world
high-scalable/bin/www -- Log -- Running server at port 3000!18:28:20
high-scalable/app.js -- Info -- Hello, world
high-scalable/bin/www -- Log -- Running server at port 3000!18:28:22
high-scalable/app.js -- Info -- Hello, world
high-scalable/bin/www -- Log -- Running server at port 3000!18:28:32
high-scalable/app.js -- Info -- Hello, world
high-scalable/bin/www -- Log -- Running server at port 3000!18:28:40
high-scalable/app.js -- Info -- Hello, world
high-scalable/bin/www -- Log -- Running server at port 3000!18:28:40
high-scalable/app.js -- Info -- Hello, world
high-scalable/bin/www -- Log -- Running server at port 3000!18:28:46
high-scalable/app.js -- Info -- Hello, world
high-scalable/bin/www -- Log -- Running server at port 3000!18:28:47
high-scalable/bin/www -- Log -- Running server at port 3000!18:30:14
high-scalable/bin/www -- Log -- Running server at port undefined!18:51:54
high-scalable/bin/www -- Log -- Running server at port 3000!18:53:3
high-scalable/bin/www -- Log -- Running server at port 3030!19:54:18
high-scalable/logs/rt.js -- Log -- Reponse time: 6  { url: '/stylesheets/style.css', time: 6 } 
high-scalable/logs/rt.js -- Log -- Reponse time: 1  { url: '/favicon.ico', time: 1 } 
high-scalable/bin/www -- Log -- Running server at port 3030!16:29:14
high-scalable/logs/rt.js -- Log -- Reponse time: 16  { url: '/stylesheets/style.css', time: 16 } 
high-scalable/logs/rt.js -- Log -- Reponse time: 1  { url: '/favicon.ico', time: 1 } 
high-scalable/logs/rt.js -- Log -- Reponse time: 2  { url: '/fghjk', time: 2 } 
high-scalable/bin/www -- Log -- Running server at port 3030!16:29:41
high-scalable/logs/rt.js -- Log -- Reponse time: 9  { url: '/fghjk', time: 9 } 
high-scalable/logs/rt.js -- Log -- Reponse time: 2  { url: '/fghjk', time: 2 } 
high-scalable/logs/rt.js -- Log -- Reponse time: 1  { url: '/fghjk', time: 1 } 
high-scalable/logs/rt.js -- Log -- Reponse time: 0  { url: '/fghjk', time: 0 } 
high-scalable/logs/rt.js -- Log -- Reponse time: 2  { url: '/fghjk', time: 2 } 
high-scalable/bin/www -- Log -- Running server at port 3030!16:30:3
high-scalable/logs/rt.js -- Log -- Reponse time: 23  { url: '/fghjk', time: 23 } 
high-scalable/logs/rt.js -- Log -- Reponse time: 3  { url: '/stylesheets/style.css', time: 3 } 
high-scalable/bin/www -- Log -- Running server at port 3030!18:53:32
high-scalable/bin/www -- Log -- Running server at port 3030!18:53:44
high-scalable/bin/www -- Log -- Running server at port 3030!18:54:14
high-scalable/bin/www -- Log -- Running server at port 3030!18:54:50
high-scalable/bin/www -- Log -- Running server at port 3030!18:57:1
high-scalable/bin/www -- Log -- Running server at port 3030!18:57:29
high-scalable/logs/rt.js -- Log -- Reponse time: 5  { url: '/stylesheets/style.css', time: 5 } 
high-scalable/logs/rt.js -- Log -- Reponse time: 2  { url: '/stylesheets/style.css', time: 2 } 
high-scalable/logs/rt.js -- Log -- Reponse time: 0  { url: '/stylesheets/style.css', time: 0 } 
high-scalable/bin/www -- Log -- Running server at port 3030!18:58:40
high-scalable/bin/www -- Log -- Running server at port 3030!18:59:45
high-scalable/logs/rt.js -- Log -- Reponse time: 3  { url: '/stylesheets/style.css', time: 3 } 
high-scalable/bin/www -- Log -- Running server at port 3030!19:0:8
high-scalable/logs/rt.js -- Log -- Reponse time: 11  { url: '/stylesheets/style.css', time: 11 } 
high-scalable/bin/www -- Log -- Running server at port 3030!19:0:33
high-scalable/bin/www -- Log -- Running server at port 3030!19:0:46
high-scalable/bin/www -- Log -- Running server at port 3030!19:0:51
high-scalable/bin/www -- Log -- Running server at port 3030!19:1:1
high-scalable/logs/rt.js -- Log -- Reponse time: 4  { url: '/stylesheets/style.css', time: 4 } 
high-scalable/bin/www -- Log -- Running server at port 3030!19:6:16
high-scalable/logs/rt.js -- Log -- Reponse time: 3  { url: '/stylesheets/style.css', time: 3 } 
high-scalable/bin/www -- Log -- Running server at port 3030!19:7:37
high-scalable/bin/www -- Log -- Running server at port 3030!12:6:0
high-scalable/bin/www -- Log -- Running server at port 3030!15:49:51
high-scalable/bin/www -- Log -- Running server at port 3030!15:50:4
high-scalable/bin/www -- Log -- Running server at port 3030!15:50:35
high-scalable/logs/rt.js -- Log -- Reponse time: 562  { url: '/stylesheets/style.css', time: 562 } 
high-scalable/bin/www -- Log -- Running server at port 3030!15:54:48
high-scalable/bin/www -- Log -- Running server at port 3030!15:58:35
high-scalable/bin/www -- Log -- Running server at port 3030!15:58:36
high-scalable/bin/www -- Log -- Running server at port 3030!16:1:7
high-scalable/bin/www -- Log -- Running server at port 3030!16:2:10
high-scalable/bin/www -- Log -- Running server at port 3030!16:3:13
high-scalable/bin/www -- Log -- Running server at port 3030!16:11:12
high-scalable/bin/www -- Log -- Running server at port 3030!16:11:31
high-scalable/bin/www -- Log -- Running server at port 3030!16:12:28
high-scalable/bin/www -- Log -- Running server at port 3030!16:14:33
high-scalable/bin/www -- Log -- Running server at port 3030!16:14:36
high-scalable/bin/www -- Log -- Running server at port 3030!16:14:36
high-scalable/bin/www -- Log -- Running server at port 3030!16:14:47
high-scalable/bin/www -- Log -- Running server at port 3030!16:15:33
high-scalable/bin/www -- Log -- Running server at port 3030!16:15:34
high-scalable/bin/www -- Log -- Running server at port 3030!16:15:34
high-scalable/bin/www -- Log -- Running server at port 3030!16:15:43
high-scalable/bin/www -- Log -- Running server at port 3030!16:15:44
high-scalable/bin/www -- Log -- Running server at port 3030!16:16:21
high-scalable/bin/www -- Log -- Running server at port 3030!16:16:27
high-scalable/bin/www -- Log -- Running server at port 3030!16:17:27
high-scalable/bin/www -- Log -- Running server at port 3030!16:17:28
high-scalable/bin/www -- Log -- Running server at port 3030!16:17:31
high-scalable/bin/www -- Log -- Running server at port 3030!16:17:43
high-scalable/bin/www -- Log -- Running server at port 3030!16:17:48
high-scalable/bin/www -- Log -- Running server at port 3030!16:18:25
high-scalable/bin/www -- Log -- Running server at port 3030!16:18:26
high-scalable/bin/www -- Log -- Running server at port 3030!16:18:45
high-scalable/bin/www -- Log -- Running server at port 3030!16:22:54
high-scalable/bin/www -- Log -- Running server at port 3030!16:24:12
high-scalable/bin/www -- Log -- Running server at port 3030!16:24:45
high-scalable/bin/www -- Log -- Running server at port 3030!16:25:5
high-scalable/bin/www -- Log -- Running server at port 3030!16:25:29
high-scalable/bin/www -- Log -- Running server at port 3030!16:25:46
high-scalable/bin/www -- Log -- Running server at port 3030!16:25:57
high-scalable/logs/rt.js -- Log -- Reponse time: 18  { url: '/users', time: 18 } 
high-scalable/bin/www -- Log -- Running server at port 3030!16:26:18
high-scalable/logs/rt.js -- Log -- Reponse time: 16  { url: '/users', time: 16 } 
high-scalable/bin/www -- Log -- Running server at port 3030!16:26:54
high-scalable/logs/rt.js -- Log -- Reponse time: 56  { url: '/users', time: 56 } 
high-scalable/bin/www -- Log -- Running server at port 3030!16:27:20
high-scalable/bin/www -- Log -- Running server at port 3030!16:33:36
high-scalable/bin/www -- Log -- Running server at port 3030!16:37:40
high-scalable/bin/www -- Log -- Running server at port 3030!16:37:40
high-scalable/bin/www -- Log -- Running server at port 3030!16:37:41
high-scalable/bin/www -- Log -- Running server at port 3030!16:37:41
high-scalable/bin/www -- Log -- Running server at port 3030!16:37:42
high-scalable/bin/www -- Log -- Running server at port 3030!16:39:43
high-scalable/bin/www -- Log -- Running server at port 3030!16:39:45
high-scalable/bin/www -- Log -- Running server at port 3030!16:42:51
high-scalable/bin/www -- Log -- Running server at port 3030!16:43:19
high-scalable/bin/www -- Log -- Running server at port 3030!16:43:19
high-scalable/bin/www -- Log -- Running server at port 3030!16:43:20
high-scalable/bin/www -- Log -- Running server at port 3030!16:43:20
high-scalable/bin/www -- Log -- Running server at port 3030!16:44:3
high-scalable/bin/www -- Log -- Running server at port 3030!16:44:10
high-scalable/bin/www -- Log -- Running server at port 3030!16:48:14
high-scalable/bin/www -- Log -- Running server at port 3030!16:51:2
high-scalable/bin/www -- Log -- Running server at port 3030!16:53:6
high-scalable/bin/www -- Log -- Running server at port 3030!16:55:27
high-scalable/bin/www -- Log -- Running server at port 3030!17:15:40
high-scalable/bin/www -- Log -- Running server at port 3030!17:16:5
high-scalable/bin/www -- Log -- Running server at port 3030!17:16:17
high-scalable/bin/www -- Log -- Running server at port 3030!17:16:34
high-scalable/bin/www -- Log -- Running server at port 3030!17:16:42
high-scalable/bin/www -- Log -- Running server at port 3030!17:16:56
high-scalable/logs/rt.js -- Log -- Reponse time: 34  { url: '/users', time: 34 } 
high-scalable/bin/www -- Log -- Running server at port 3030!17:26:25
high-scalable/logs/rt.js -- Log -- Reponse time: 37  { url: '/users', time: 37 } 
high-scalable/bin/www -- Log -- Running server at port 3030!17:26:48
high-scalable/bin/www -- Log -- Running server at port 3030!17:27:54
high-scalable/bin/www -- Log -- Running server at port 3030!17:35:53
high-scalable/bin/www -- Log -- Running server at port 3030!17:36:2
high-scalable/bin/www -- Log -- Running server at port 3030!17:36:56
high-scalable/bin/www -- Log -- Running server at port 3030!17:42:9
high-scalable/bin/www -- Log -- Running server at port 3030!17:42:20
high-scalable/bin/www -- Log -- Running server at port 3030!17:43:2
high-scalable/bin/www -- Log -- Running server at port 3030!17:44:41
high-scalable/bin/www -- Log -- Running server at port 3030!17:45:22
high-scalable/bin/www -- Log -- Running server at port 3030!17:45:27
high-scalable/bin/www -- Log -- Running server at port 3030!17:47:50
high-scalable/bin/www -- Log -- Running server at port 3030!17:48:56
high-scalable/bin/www -- Log -- Running server at port 3030!17:49:24
high-scalable/bin/www -- Log -- Running server at port 3030!17:49:33
high-scalable/bin/www -- Log -- Running server at port 3030!18:15:38
high-scalable/bin/www -- Log -- Running server at port 3030!18:17:50
high-scalable/bin/www -- Log -- Running server at port 3030!18:19:0
high-scalable/bin/www -- Log -- Running server at port 3030!18:19:28
high-scalable/bin/www -- Log -- Running server at port 3030!18:21:26
high-scalable/bin/www -- Log -- Running server at port 3030!18:22:34
high-scalable/logs/rt.js -- Log -- Reponse time: 54  { url: '/stylesheets/style.css', time: 54 } 
high-scalable/bin/www -- Log -- Running server at port 3030!18:23:15
high-scalable/bin/www -- Log -- Running server at port 3030!18:23:55
high-scalable/bin/www -- Log -- Running server at port 3030!18:24:22
high-scalable/bin/www -- Log -- Running server at port 3030!18:24:54
high-scalable/bin/www -- Log -- Running server at port 3030!18:26:31
high-scalable/bin/www -- Log -- Running server at port 3030!18:28:8
high-scalable/bin/www -- Log -- Running server at port 3030!18:30:13
high-scalable/bin/www -- Log -- Running server at port 3030!18:37:36
high-scalable/logs/rt.js -- Log -- Reponse time: 31  { url: '/stylesheets/style.css', time: 31 } 
high-scalable/bin/www -- Log -- Running server at port 3030!18:38:16
high-scalable/bin/www -- Log -- Running server at port 3030!18:40:57
high-scalable/bin/www -- Log -- Running server at port 3030!18:41:20
high-scalable/bin/www -- Log -- Running server at port 3030!18:41:58
high-scalable/bin/www -- Log -- Running server at port 3030!18:42:21
high-scalable/bin/www -- Log -- Running server at port 3030!18:42:36
high-scalable/bin/www -- Log -- Running server at port 3030!18:42:56
high-scalable/bin/www -- Log -- Running server at port 3030!18:43:41
high-scalable/logs/rt.js -- Log -- Reponse time: 18  { url: '/users', time: 18 } 
high-scalable/logs/rt.js -- Log -- Reponse time: 3  { url: '/stylesheets/style.css', time: 3 } 
high-scalable/bin/www -- Log -- Running server at port 3030!18:44:6
high-scalable/bin/www -- Log -- Running server at port 3030!18:45:14
high-scalable/logs/rt.js -- Log -- Reponse time: 6  { url: '/stylesheets/style.css', time: 6 } 
high-scalable/bin/www -- Log -- Running server at port 3030!18:45:36
high-scalable/bin/www -- Log -- Running server at port 3000!18:49:55
high-scalable/logs/rt.js -- Log -- Reponse time: 4  { url: '/stylesheets/style.css', time: 4 } 
high-scalable/logs/rt.js -- Log -- Reponse time: 4  { url: '/favicon.ico', time: 4 } 
high-scalable/bin/www -- Log -- Running server at port 3000!18:50:51
high-scalable/bin/www -- Log -- Running server at port 3000!18:55:43
high-scalable/logs/rt.js -- Log -- Reponse time: 35  { url: '/stylesheets/style.css', time: 35 } 
high-scalable/logs/rt.js -- Log -- Reponse time: 1  { url: '/favicon.ico', time: 1 } 
high-scalable/logs/rt.js -- Log -- Reponse time: 1  { url: '/stylesheets/style.css', time: 1 } 
high-scalable/bin/www -- Log -- Running server at port 3000!18:57:34
high-scalable/bin/www -- Log -- Running server at port 3000!18:57:41
high-scalable/bin/www -- Log -- Running server at port 3000!18:58:6
high-scalable/bin/www -- Log -- Running server at port 3000!18:58:14
high-scalable/bin/www -- Log -- Running server at port 3000!18:58:44
high-scalable/bin/www -- Log -- Running server at port 3000!18:58:51
high-scalable/bin/www -- Log -- Running server at port 3000!18:59:25
high-scalable/bin/www -- Log -- Running server at port 3000!18:59:49
high-scalable/bin/www -- Log -- Running server at port 3000!19:0:43
high-scalable/bin/www -- Log -- Running server at port 3000!19:2:23
high-scalable/bin/www -- Log -- Running server at port 3000!19:4:14
high-scalable/logs/rt.js -- Log -- Reponse time: 21  { url: '/users', time: 21 } 
high-scalable/bin/www -- Log -- Running server at port 3000!19:4:49
high-scalable/bin/www -- Log -- Running server at port 3000!19:5:18
high-scalable/bin/www -- Log -- Running server at port 3000!19:5:21
high-scalable/bin/www -- Log -- Running server at port 3000!19:12:30
high-scalable/bin/www -- Log -- Running server at port 3000!19:12:45
high-scalable/bin/www -- Log -- Running server at port 3000!19:13:6
high-scalable/bin/www -- Log -- Running server at port 3000!19:13:34
high-scalable/logs/rt.js -- Log -- Reponse time: 81  { url: '/stylesheets/style.css', time: 81 } 
high-scalable/bin/www -- Log -- Running server at port 3000!16:8:42
high-scalable/bin/www -- Log -- Running server at port 3000!16:9:18
high-scalable/bin/www -- Log -- Running server at port 3000!16:9:34
high-scalable/bin/www -- Log -- Running server at port 3000!16:9:58
